t2_500_iters_job executed on Mon Aug 4 15:29:17 CEST 2025
t15_500_iters_job executed on Mon Aug 4 15:33:52 CEST 2025
t2_500_iters_job executed on Mon Aug 4 15:35:49 CEST 2025
t2_400_iters_job executed on Tue Aug 5 11:15:35 CEST 2025
t15_400_iters_job executed on Tue Aug 5 11:18:12 CEST 2025
t2_400_iters_job executed on Tue Aug 5 11:24:54 CEST 2025
t05_400_iters_job executed on Tue Aug 5 12:15:21 CEST 2025
t2_400_iters_job executed on Tue Aug 5 12:30:03 CEST 2025
t15_400_iters_job executed on Tue Aug 5 12:30:03 CEST 2025
t2_400_iters_job executed on Tue Aug 5 12:30:03 CEST 2025
t2_400_iters_job executed on Tue Aug 5 13:00:02 CEST 2025
t2_400_iters_job executed on Tue Aug 5 13:00:02 CEST 2025
t15_400_iters_job executed on Tue Aug 5 13:00:02 CEST 2025
t15_400_iters_job executed on Tue Aug 5 13:30:03 CEST 2025
t2_400_iters_job executed on Tue Aug 5 13:30:03 CEST 2025
t2_400_iters_job executed on Tue Aug 5 13:30:03 CEST 2025
t05_400_iters_job executed on Tue Aug 5 14:00:03 CEST 2025
t05_400_iters_job executed on Tue Aug 5 15:00:03 CEST 2025
t05_400_iters_job executed on Tue Aug 5 16:00:03 CEST 2025
t2_400_iters_job executed on Wed Aug 6 11:00:04 CEST 2025
t2_400_iters_job executed on Wed Aug 6 11:00:04 CEST 2025
t15_400_iters_job executed on Wed Aug 6 11:00:04 CEST 2025
t2_400_iters_job executed on Wed Aug 6 11:30:04 CEST 2025
t2_400_iters_job executed on Wed Aug 6 11:30:04 CEST 2025
t15_400_iters_job executed on Wed Aug 6 11:30:04 CEST 2025
t2_400_iters_job executed on Wed Aug 6 12:00:03 CEST 2025
t2_400_iters_job executed on Wed Aug 6 12:00:03 CEST 2025
t15_400_iters_job executed on Wed Aug 6 12:00:03 CEST 2025
t2_400_iters_job executed on Wed Aug 6 12:36:45 CEST 2025
t15_400_iters_job executed on Wed Aug 6 12:38:14 CEST 2025
t2_400_iters_job executed on Wed Aug 6 12:43:26 CEST 2025
t2_400_iters_job executed on Wed Aug 6 13:09:25 CEST 2025
t15_400_iters_job executed on Wed Aug 6 13:12:13 CEST 2025
t2_400_iters_job executed on Wed Aug 6 13:18:24 CEST 2025
t2_400_iters_job executed on Wed Aug 6 13:40:46 CEST 2025
t15_400_iters_job executed on Wed Aug 6 13:42:50 CEST 2025
t2_400_iters_job executed on Wed Aug 6 13:49:58 CEST 2025
t05_400_iters_job executed on Wed Aug 6 14:49:46 CEST 2025
t05_400_iters_job executed on Wed Aug 6 15:39:20 CEST 2025
t2_400_iters_job executed on Thu Aug 7 11:10:09 CEST 2025
t15_400_iters_job executed on Thu Aug 7 11:11:43 CEST 2025
t2_400_iters_job executed on Thu Aug 7 11:19:30 CEST 2025
t2_400_iters_job executed on Thu Aug 7 12:08:22 CEST 2025
t15_400_iters_job executed on Thu Aug 7 12:09:57 CEST 2025
t2_400_iters_job executed on Thu Aug 7 12:14:24 CEST 2025
t2_400_iters_job executed on Thu Aug 7 13:09:05 CEST 2025
t15_400_iters_job executed on Thu Aug 7 13:11:32 CEST 2025
t2_400_iters_job executed on Thu Aug 7 13:17:16 CEST 2025
t05_400_iters_job executed on Thu Aug 7 15:04:31 CEST 2025
t05_400_iters_job executed on Thu Aug 7 15:52:11 CEST 2025
t05_400_iters_job executed on Thu Aug 7 16:44:52 CEST 2025
t2_400_iters_job executed on Fri Aug 8 11:08:41 CEST 2025
t15_400_iters_job executed on Fri Aug 8 11:11:07 CEST 2025
t2_400_iters_job executed on Fri Aug 8 11:16:36 CEST 2025
t2_400_iters_job executed on Fri Aug 8 12:08:14 CEST 2025
t15_400_iters_job executed on Fri Aug 8 12:10:05 CEST 2025
t2_400_iters_job executed on Fri Aug 8 12:14:42 CEST 2025
t2_400_iters_job executed on Fri Aug 8 13:09:22 CEST 2025
t15_400_iters_job executed on Fri Aug 8 13:11:29 CEST 2025
t2_400_iters_job executed on Fri Aug 8 13:17:58 CEST 2025
t05_400_iters_job executed on Fri Aug 8 14:54:57 CEST 2025
t05_400_iters_job executed on Fri Aug 8 15:46:40 CEST 2025
t05_400_iters_job executed on Fri Aug 8 16:32:49 CEST 2025
t2_400_iters_job executed on Mon Aug 11 11:09:05 CEST 2025
t15_400_iters_job executed on Mon Aug 11 11:10:40 CEST 2025
t2_400_iters_job executed on Mon Aug 11 11:16:49 CEST 2025
t2_400_iters_job executed on Mon Aug 11 12:09:18 CEST 2025
t15_400_iters_job executed on Mon Aug 11 12:11:01 CEST 2025
t2_400_iters_job executed on Mon Aug 11 12:15:39 CEST 2025
t2_400_iters_job executed on Mon Aug 11 13:09:22 CEST 2025
t15_400_iters_job executed on Mon Aug 11 13:10:44 CEST 2025
t2_400_iters_job executed on Mon Aug 11 13:13:58 CEST 2025
t05_400_iters_job executed on Mon Aug 11 14:51:51 CEST 2025
t2_400_iters_job executed on Tue Aug 12 12:10:00 CEST 2025
t15_400_iters_job executed on Tue Aug 12 12:12:34 CEST 2025
t2_400_iters_job executed on Tue Aug 12 12:19:40 CEST 2025
t2_400_iters_job executed on Tue Aug 12 13:12:01 CEST 2025
t15_400_iters_job executed on Tue Aug 12 13:14:38 CEST 2025
t2_400_iters_job executed on Tue Aug 12 13:23:11 CEST 2025
t05_400_iters_job executed on Tue Aug 12 15:17:28 CEST 2025
t05_400_iters_job executed on Tue Aug 12 15:46:34 CEST 2025
t05_400_iters_job executed on Tue Aug 12 16:43:20 CEST 2025
t2_400_iters_job executed on Wed Aug 13 12:10:34 CEST 2025
t15_400_iters_job executed on Wed Aug 13 12:12:36 CEST 2025
t2_400_iters_job executed on Wed Aug 13 12:19:37 CEST 2025
t2_400_iters_job executed on Wed Aug 13 13:11:19 CEST 2025
t15_400_iters_job executed on Wed Aug 13 13:14:20 CEST 2025
t2_400_iters_job executed on Wed Aug 13 13:20:15 CEST 2025
t05_400_iters_job executed on Wed Aug 13 14:53:13 CEST 2025
t05_400_iters_job executed on Wed Aug 13 15:39:07 CEST 2025
t05_400_iters_job executed on Wed Aug 13 16:32:19 CEST 2025
t2_400_iters_job executed on Thu Aug 14 11:09:41 CEST 2025
t15_400_iters_job executed on Thu Aug 14 11:11:35 CEST 2025
t2_400_iters_job executed on Thu Aug 14 11:18:44 CEST 2025
t2_400_iters_job executed on Thu Aug 14 12:10:13 CEST 2025
t15_400_iters_job executed on Thu Aug 14 12:12:36 CEST 2025
t2_400_iters_job executed on Thu Aug 14 12:19:59 CEST 2025
t2_400_iters_job executed on Thu Aug 14 13:09:22 CEST 2025
t15_400_iters_job executed on Thu Aug 14 13:11:43 CEST 2025
t2_400_iters_job executed on Thu Aug 14 13:17:22 CEST 2025
t05_400_iters_job executed on Thu Aug 14 14:44:36 CEST 2025
t05_400_iters_job executed on Thu Aug 14 15:29:12 CEST 2025
t05_400_iters_job executed on Thu Aug 14 16:46:58 CEST 2025
t2_400_iters_job executed on Tue Aug 19 12:07:57 CEST 2025
t15_400_iters_job executed on Tue Aug 19 12:09:29 CEST 2025
t2_400_iters_job executed on Tue Aug 19 12:16:08 CEST 2025
t2_400_iters_job executed on Tue Aug 19 14:20:33 CEST 2025
t15_400_iters_job executed on Tue Aug 19 14:23:04 CEST 2025
t2_400_iters_job executed on Tue Aug 19 14:31:25 CEST 2025
t05_400_iters_job executed on Tue Aug 19 15:05:18 CEST 2025
t2_400_iters_job executed on Tue Aug 26 10:43:07 CEST 2025
t15_400_iters_job executed on Tue Aug 26 10:46:05 CEST 2025
t2_400_iters_job executed on Tue Aug 26 10:53:03 CEST 2025
t2_400_iters_job executed on Tue Aug 26 11:09:24 CEST 2025
t15_400_iters_job executed on Tue Aug 26 11:12:23 CEST 2025
t2_400_iters_job executed on Tue Aug 26 11:18:12 CEST 2025
t2_400_iters_job executed on Tue Aug 26 12:10:36 CEST 2025
t15_400_iters_job executed on Tue Aug 26 12:16:06 CEST 2025
t2_400_iters_job executed on Tue Aug 26 12:21:26 CEST 2025
t2_400_iters_job executed on Tue Aug 26 13:25:18 CEST 2025
t15_400_iters_job executed on Tue Aug 26 13:26:46 CEST 2025
t2_400_iters_job executed on Tue Aug 26 13:30:15 CEST 2025
t05_400_iters_job executed on Tue Aug 26 14:51:17 CEST 2025
t05_400_iters_job executed on Wed Aug 27 14:59:55 CEST 2025
t05_400_iters_job executed on Wed Aug 27 15:34:55 CEST 2025
t05_400_iters_job executed on Wed Aug 27 17:17:55 CEST 2025
t05_400_iters_job executed on Fri Aug 29 15:53:23 CEST 2025
t2_400_iters_job executed on Sun Aug 31 12:09:57 CEST 2025
t15_400_iters_job executed on Sun Aug 31 12:12:15 CEST 2025
t2_400_iters_job executed on Sun Aug 31 12:17:58 CEST 2025
